2021-07-19 17:45:38:785 [Appium] Welcome to Appium v1.21.0
2021-07-19 17:45:38:787 [Appium] Non-default server args:
2021-07-19 17:45:38:787 [Appium]   logFile: /Users/pradeep/Documents/New_Learning_Workspace/MobileAutomationFramework_Appium_RS/Appium.log
2021-07-19 17:45:38:816 [Appium] Appium REST http interface listener started on 0.0.0.0:4723
2021-07-19 17:45:38:984 [HTTP] --> GET /wd/hub/status
2021-07-19 17:45:38:984 [HTTP] {}
2021-07-19 17:45:38:986 [GENERIC] Calling AppiumDriver.getStatus() with args: []
2021-07-19 17:45:38:988 [GENERIC] Responding to client with driver.getStatus() result: {"build":{"version":"1.21.0"}}
2021-07-19 17:45:38:995 [HTTP] <-- GET /wd/hub/status 200 8 ms - 68
2021-07-19 17:45:38:995 [HTTP] 
2021-07-19 17:45:54:185 [HTTP] Request idempotency key: cb5d0275-68ae-462c-8908-02234fb0a03f
2021-07-19 17:45:54:209 [HTTP] --> POST /wd/hub/session
2021-07-19 17:45:54:209 [HTTP] {"desiredCapabilities":{"app":"/Users/pradeep/Documents/New_Learning_Workspace/MobileAutomationFramework_Appium_RS/src/resources/ApiDemos-debug.apk","automationName":"uiautomator2","platformName":"Android","deviceName":"Emulator_PixelC_Android10","newCommandTimeout":10},"capabilities":{"firstMatch":[{"appium:app":"/Users/pradeep/Documents/New_Learning_Workspace/MobileAutomationFramework_Appium_RS/src/resources/ApiDemos-debug.apk","appium:automationName":"uiautomator2","appium:deviceName":"Emulator_PixelC_Android10","appium:newCommandTimeout":10,"platformName":"android"}]}}
2021-07-19 17:45:54:210 [W3C] Calling AppiumDriver.createSession() with args: [{"app":"/Users/pradeep/Documents/New_Learning_Workspace/MobileAutomationFramework_Appium_RS/src/resources/ApiDemos-debug.apk","automationName":"uiautomator2","platformName":"Android","deviceName":"Emulator_PixelC_Android10","newCommandTimeout":10},null,{"firstMatch":[{"appium:app":"/Users/pradeep/Documents/New_Learning_Workspace/MobileAutomationFramework_Appium_RS/src/resources/ApiDemos-debug.apk","appium:automationName":"uiautomator2","appium:deviceName":"Emulator_PixelC_Android10","appium:newCommandTimeout":10,"platformName":"android"}]}]
2021-07-19 17:45:54:211 [BaseDriver] Event 'newSessionRequested' logged at 1626716754210 (23:15:54 GMT+0530 (India Standard Time))
2021-07-19 17:45:54:556 [Appium] Appium v1.21.0 creating new AndroidUiautomator2Driver (v1.65.0) session
2021-07-19 17:45:54:559 [BaseDriver] W3C capabilities and MJSONWP desired capabilities were provided
2021-07-19 17:45:54:560 [BaseDriver] Creating session with W3C capabilities: {
2021-07-19 17:45:54:560 [BaseDriver]   "alwaysMatch": {
2021-07-19 17:45:54:560 [BaseDriver]     "platformName": "android",
2021-07-19 17:45:54:560 [BaseDriver]     "appium:app": "/Users/pradeep/Documents/New_Learning_Workspace/MobileAutomationFramework_Appium_RS/src/resources/ApiDemos-debug.apk",
2021-07-19 17:45:54:560 [BaseDriver]     "appium:automationName": "uiautomator2",
2021-07-19 17:45:54:561 [BaseDriver]     "appium:deviceName": "Emulator_PixelC_Android10",
2021-07-19 17:45:54:561 [BaseDriver]     "appium:newCommandTimeout": 10
2021-07-19 17:45:54:561 [BaseDriver]   },
2021-07-19 17:45:54:561 [BaseDriver]   "firstMatch": [
2021-07-19 17:45:54:561 [BaseDriver]     {}
2021-07-19 17:45:54:562 [BaseDriver]   ]
2021-07-19 17:45:54:562 [BaseDriver] }
2021-07-19 17:45:54:576 [BaseDriver] Session created with session id: 2f9e66fb-33fd-487b-aebb-88694a658658
2021-07-19 17:45:54:579 [BaseDriver] Using local app '/Users/pradeep/Documents/New_Learning_Workspace/MobileAutomationFramework_Appium_RS/src/resources/ApiDemos-debug.apk'
2021-07-19 17:45:54:579 [UiAutomator2] Checking whether app is actually present
2021-07-19 17:45:54:612 [ADB] Found 4 'build-tools' folders under '/Users/pradeep/Library/Android/sdk' (newest first):
2021-07-19 17:45:54:612 [ADB]     /Users/pradeep/Library/Android/sdk/build-tools/30.0.3
2021-07-19 17:45:54:612 [ADB]     /Users/pradeep/Library/Android/sdk/build-tools/29.0.0-rc3
2021-07-19 17:45:54:612 [ADB]     /Users/pradeep/Library/Android/sdk/build-tools/28.0.0-rc1
2021-07-19 17:45:54:612 [ADB]     /Users/pradeep/Library/Android/sdk/build-tools/25.0.2
2021-07-19 17:45:54:613 [ADB] Using 'adb' from '/Users/pradeep/Library/Android/sdk/platform-tools/adb'
2021-07-19 17:45:54:617 [ADB] Running '/Users/pradeep/Library/Android/sdk/platform-tools/adb -P 5037 start-server'
2021-07-19 17:45:54:672 [AndroidDriver] Retrieving device list
2021-07-19 17:45:54:674 [ADB] Trying to find a connected android device
2021-07-19 17:45:54:676 [ADB] Getting connected devices
2021-07-19 17:45:54:703 [ADB] Connected devices: [{"udid":"emulator-5554","state":"device"}]
2021-07-19 17:45:54:704 [AndroidDriver] Using device: emulator-5554
2021-07-19 17:45:54:710 [ADB] Using 'adb' from '/Users/pradeep/Library/Android/sdk/platform-tools/adb'
2021-07-19 17:45:54:712 [ADB] Running '/Users/pradeep/Library/Android/sdk/platform-tools/adb -P 5037 start-server'
2021-07-19 17:45:54:731 [ADB] Setting device id to emulator-5554
2021-07-19 17:45:54:734 [ADB] Running '/Users/pradeep/Library/Android/sdk/platform-tools/adb -P 5037 -s emulator-5554 shell getprop ro.build.version.sdk'
2021-07-19 17:45:54:855 [ADB] Current device property 'ro.build.version.sdk': 29
2021-07-19 17:45:54:856 [ADB] Getting device platform version
2021-07-19 17:45:54:856 [ADB] Running '/Users/pradeep/Library/Android/sdk/platform-tools/adb -P 5037 -s emulator-5554 shell getprop ro.build.version.release'
2021-07-19 17:45:54:973 [ADB] Current device property 'ro.build.version.release': 10
2021-07-19 17:45:54:973 [ADB] Device API level: 29
2021-07-19 17:45:54:973 [UiAutomator2] Relaxing hidden api policy
2021-07-19 17:45:54:974 [ADB] Running '/Users/pradeep/Library/Android/sdk/platform-tools/adb -P 5037 -s emulator-5554 shell 'settings put global hidden_api_policy_pre_p_apps 1;settings put global hidden_api_policy_p_apps 1;settings put global hidden_api_policy 1''
2021-07-19 17:45:55:753 [AndroidDriver] Parsing package and activity from app manifest
2021-07-19 17:45:56:002 [ADB] Package name: 'io.appium.android.apis'
2021-07-19 17:45:56:003 [ADB] Main activity name: 'io.appium.android.apis.ApiDemos'
2021-07-19 17:45:56:003 [AndroidDriver] Parsed package and activity are: io.appium.android.apis/io.appium.android.apis.ApiDemos
2021-07-19 17:45:56:004 [ADB] Running '/Users/pradeep/Library/Android/sdk/platform-tools/adb -P 5037 -s emulator-5554 wait-for-device'
2021-07-19 17:45:56:017 [ADB] Running '/Users/pradeep/Library/Android/sdk/platform-tools/adb -P 5037 -s emulator-5554 shell echo ping'
2021-07-19 17:45:56:123 [AndroidDriver] Pushing settings apk to device...
2021-07-19 17:45:56:124 [ADB] Getting install status for io.appium.settings
2021-07-19 17:45:56:124 [ADB] Running '/Users/pradeep/Library/Android/sdk/platform-tools/adb -P 5037 -s emulator-5554 shell dumpsys package io.appium.settings'
2021-07-19 17:45:56:417 [ADB] 'io.appium.settings' is installed
2021-07-19 17:45:56:418 [ADB] Getting package info for 'io.appium.settings'
2021-07-19 17:45:56:419 [ADB] Running '/Users/pradeep/Library/Android/sdk/platform-tools/adb -P 5037 -s emulator-5554 shell dumpsys package io.appium.settings'
2021-07-19 17:45:56:596 [ADB] The version name of the installed 'io.appium.settings' is greater or equal to the application version name ('3.3.0' >= '3.3.0')
2021-07-19 17:45:56:596 [ADB] There is no need to install/upgrade '/usr/local/lib/node_modules/appium/node_modules/io.appium.settings/apks/settings_apk-debug.apk'
2021-07-19 17:45:56:597 [ADB] Getting IDs of all 'io.appium.settings' processes
2021-07-19 17:45:56:600 [ADB] Running '/Users/pradeep/Library/Android/sdk/platform-tools/adb -P 5037 -s emulator-5554 shell 'pgrep --help; echo $?''
2021-07-19 17:45:56:726 [ADB] Running '/Users/pradeep/Library/Android/sdk/platform-tools/adb -P 5037 -s emulator-5554 shell pgrep -f \(\[\[:blank:\]\]\|\^\)io\.appium\.settings\(\[\[:blank:\]\]\|\$\)'
2021-07-19 17:45:57:003 [AndroidDriver] io.appium.settings is already running. There is no need to reset its permissions.
2021-07-19 17:45:57:005 [Logcat] Starting logs capture with command: /Users/pradeep/Library/Android/sdk/platform-tools/adb -P 5037 -s emulator-5554 logcat -v threadtime
2021-07-19 17:45:57:118 [UiAutomator2] Forwarding UiAutomator2 Server port 6790 to local port 8200
2021-07-19 17:45:57:119 [ADB] Forwarding system: 8200 to device: 6790
2021-07-19 17:45:57:119 [ADB] Running '/Users/pradeep/Library/Android/sdk/platform-tools/adb -P 5037 -s emulator-5554 forward tcp:8200 tcp:6790'
2021-07-19 17:45:57:141 [UiAutomator2] Server package at '/usr/local/lib/node_modules/appium/node_modules/appium-uiautomator2-server/apks/appium-uiautomator2-server-v4.21.1.apk' is not writeable. Will copy it into the temporary location at '/var/folders/r7/5mlf259x40bfnk1x99b4chlr0000gp/T/2021619-6750-1a4zrlr.kpi2' as a workaround. Consider making this file writeable manually in order to improve the performance of session startup.
2021-07-19 17:45:57:142 [UiAutomator2] Server package at '/usr/local/lib/node_modules/appium/node_modules/appium-uiautomator2-server/apks/appium-uiautomator2-server-debug-androidTest.apk' is not writeable. Will copy it into the temporary location at '/var/folders/r7/5mlf259x40bfnk1x99b4chlr0000gp/T/2021619-6750-1a4zrlr.kpi2' as a workaround. Consider making this file writeable manually in order to improve the performance of session startup.
2021-07-19 17:45:57:160 [ADB] Getting install status for io.appium.uiautomator2.server
2021-07-19 17:45:57:161 [ADB] Running '/Users/pradeep/Library/Android/sdk/platform-tools/adb -P 5037 -s emulator-5554 shell dumpsys package io.appium.uiautomator2.server'
2021-07-19 17:45:57:268 [ADB] 'io.appium.uiautomator2.server' is installed
2021-07-19 17:45:57:268 [ADB] Getting package info for 'io.appium.uiautomator2.server'
2021-07-19 17:45:57:268 [ADB] Running '/Users/pradeep/Library/Android/sdk/platform-tools/adb -P 5037 -s emulator-5554 shell dumpsys package io.appium.uiautomator2.server'
2021-07-19 17:45:57:481 [ADB] The version name of the installed 'io.appium.uiautomator2.server' is greater or equal to the application version name ('4.21.1' >= '4.21.1')
2021-07-19 17:45:57:481 [UiAutomator2] io.appium.uiautomator2.server installation state: sameVersionInstalled
2021-07-19 17:45:57:482 [ADB] Checking app cert for /var/folders/r7/5mlf259x40bfnk1x99b4chlr0000gp/T/2021619-6750-1a4zrlr.kpi2/appium-uiautomator2-server-v4.21.1.apk
2021-07-19 17:45:57:487 [ADB] Using 'apksigner.jar' from '/Users/pradeep/Library/Android/sdk/build-tools/30.0.3/lib/apksigner.jar'
2021-07-19 17:45:57:489 [ADB] Starting apksigner: /Library/Java/JavaVirtualMachines/jdk1.8.0_111.jdk/Contents/Home/bin/java -Xmx1024M -Xss1m -jar /Users/pradeep/Library/Android/sdk/build-tools/30.0.3/lib/apksigner.jar verify --print-certs /var/folders/r7/5mlf259x40bfnk1x99b4chlr0000gp/T/2021619-6750-1a4zrlr.kpi2/appium-uiautomator2-server-v4.21.1.apk
2021-07-19 17:45:58:745 [ADB] apksigner stdout: Signer #1 certificate DN: EMAILADDRESS=android@android.com, CN=Android, OU=Android, O=Android, L=Mountain View, ST=California, C=US
2021-07-19 17:45:58:745 [ADB] Signer #1 certificate SHA-256 digest: a40da80a59d170caa950cf15c18c454d47a39b26989d8b640ecd745ba71bf5dc
2021-07-19 17:45:58:745 [ADB] Signer #1 certificate SHA-1 digest: 61ed377e85d386a8dfee6b864bd85b0bfaa5af81
2021-07-19 17:45:58:746 [ADB] Signer #1 certificate MD5 digest: e89b158e4bcf988ebd09eb83f5378e87
2021-07-19 17:45:58:746 [ADB] 
2021-07-19 17:45:58:746 [ADB] sha256 hash did match for 'appium-uiautomator2-server-v4.21.1.apk'
2021-07-19 17:45:58:746 [ADB] '/var/folders/r7/5mlf259x40bfnk1x99b4chlr0000gp/T/2021619-6750-1a4zrlr.kpi2/appium-uiautomator2-server-v4.21.1.apk' is signed with the default certificate
2021-07-19 17:45:58:747 [ADB] Getting install status for io.appium.uiautomator2.server.test
2021-07-19 17:45:58:747 [ADB] Running '/Users/pradeep/Library/Android/sdk/platform-tools/adb -P 5037 -s emulator-5554 shell dumpsys package io.appium.uiautomator2.server.test'
2021-07-19 17:45:58:873 [ADB] 'io.appium.uiautomator2.server.test' is installed
2021-07-19 17:45:58:873 [ADB] Checking app cert for /var/folders/r7/5mlf259x40bfnk1x99b4chlr0000gp/T/2021619-6750-1a4zrlr.kpi2/appium-uiautomator2-server-debug-androidTest.apk
2021-07-19 17:45:58:874 [ADB] Starting apksigner: /Library/Java/JavaVirtualMachines/jdk1.8.0_111.jdk/Contents/Home/bin/java -Xmx1024M -Xss1m -jar /Users/pradeep/Library/Android/sdk/build-tools/30.0.3/lib/apksigner.jar verify --print-certs /var/folders/r7/5mlf259x40bfnk1x99b4chlr0000gp/T/2021619-6750-1a4zrlr.kpi2/appium-uiautomator2-server-debug-androidTest.apk
2021-07-19 17:45:59:771 [ADB] apksigner stdout: Signer #1 certificate DN: EMAILADDRESS=android@android.com, CN=Android, OU=Android, O=Android, L=Mountain View, ST=California, C=US
2021-07-19 17:45:59:772 [ADB] Signer #1 certificate SHA-256 digest: a40da80a59d170caa950cf15c18c454d47a39b26989d8b640ecd745ba71bf5dc
2021-07-19 17:45:59:772 [ADB] Signer #1 certificate SHA-1 digest: 61ed377e85d386a8dfee6b864bd85b0bfaa5af81
2021-07-19 17:45:59:772 [ADB] Signer #1 certificate MD5 digest: e89b158e4bcf988ebd09eb83f5378e87
2021-07-19 17:45:59:772 [ADB] 
2021-07-19 17:45:59:772 [ADB] sha256 hash did match for 'appium-uiautomator2-server-debug-androidTest.apk'
2021-07-19 17:45:59:773 [ADB] '/var/folders/r7/5mlf259x40bfnk1x99b4chlr0000gp/T/2021619-6750-1a4zrlr.kpi2/appium-uiautomator2-server-debug-androidTest.apk' is signed with the default certificate
2021-07-19 17:45:59:773 [UiAutomator2] Server packages are not going to be (re)installed
2021-07-19 17:45:59:778 [UiAutomator2] Waiting up to 30000ms for services to be available
2021-07-19 17:45:59:779 [ADB] Running '/Users/pradeep/Library/Android/sdk/platform-tools/adb -P 5037 -s emulator-5554 shell pm list instrumentation'
2021-07-19 17:46:00:038 [UiAutomator2] Instrumentation target 'io.appium.uiautomator2.server.test/androidx.test.runner.AndroidJUnitRunner' is available
2021-07-19 17:46:00:042 [ADB] Adding packages ["io.appium.settings","io.appium.uiautomator2.server","io.appium.uiautomator2.server.test"] to Doze whitelist
2021-07-19 17:46:00:043 [ADB] Got the following command chunks to execute: [["dumpsys","deviceidle","whitelist","+io.appium.settings",";","dumpsys","deviceidle","whitelist","+io.appium.uiautomator2.server",";","dumpsys","deviceidle","whitelist","+io.appium.uiautomator2.server.test",";"]]
2021-07-19 17:46:00:043 [ADB] Running '/Users/pradeep/Library/Android/sdk/platform-tools/adb -P 5037 -s emulator-5554 shell dumpsys deviceidle whitelist +io.appium.settings ; dumpsys deviceidle whitelist +io.appium.uiautomator2.server ; dumpsys deviceidle whitelist +io.appium.uiautomator2.server.test ;'
2021-07-19 17:46:00:940 [ADB] Checking app cert for /Users/pradeep/Documents/New_Learning_Workspace/MobileAutomationFramework_Appium_RS/src/resources/ApiDemos-debug.apk
2021-07-19 17:46:00:941 [ADB] Starting apksigner: /Library/Java/JavaVirtualMachines/jdk1.8.0_111.jdk/Contents/Home/bin/java -Xmx1024M -Xss1m -jar /Users/pradeep/Library/Android/sdk/build-tools/30.0.3/lib/apksigner.jar verify --print-certs /Users/pradeep/Documents/New_Learning_Workspace/MobileAutomationFramework_Appium_RS/src/resources/ApiDemos-debug.apk
2021-07-19 17:46:02:671 [ADB] apksigner stdout: Signer #1 certificate DN: C=US, O=Android, CN=Android Debug
2021-07-19 17:46:02:672 [ADB] Signer #1 certificate SHA-256 digest: ff2c1b0d041edb6e32a5f7c190ca9c3e78c4ca2cddbbb76133fc30c40b291e30
2021-07-19 17:46:02:672 [ADB] Signer #1 certificate SHA-1 digest: b3de7d52e6aa703f166c4ee6e921c2816278c393
2021-07-19 17:46:02:672 [ADB] Signer #1 certificate MD5 digest: 7dce13e4e43fbe159a70f7a252cb0acf
2021-07-19 17:46:02:672 [ADB] 
2021-07-19 17:46:02:673 [ADB] '/Users/pradeep/Documents/New_Learning_Workspace/MobileAutomationFramework_Appium_RS/src/resources/ApiDemos-debug.apk' is signed with a non-default certificate
2021-07-19 17:46:02:673 [ADB] Getting install status for io.appium.android.apis
2021-07-19 17:46:02:674 [ADB] Running '/Users/pradeep/Library/Android/sdk/platform-tools/adb -P 5037 -s emulator-5554 shell dumpsys package io.appium.android.apis'
2021-07-19 17:46:02:944 [ADB] 'io.appium.android.apis' is installed
2021-07-19 17:46:02:945 [ADB] Getting package info for 'io.appium.android.apis'
2021-07-19 17:46:02:945 [ADB] Running '/Users/pradeep/Library/Android/sdk/platform-tools/adb -P 5037 -s emulator-5554 shell dumpsys package io.appium.android.apis'
2021-07-19 17:46:03:364 [ADB] The version name of the installed 'io.appium.android.apis' is greater or equal to the application version name ('3.3.1' >= '3.3.1')
2021-07-19 17:46:03:365 [ADB] There is no need to install/upgrade '/Users/pradeep/Documents/New_Learning_Workspace/MobileAutomationFramework_Appium_RS/src/resources/ApiDemos-debug.apk'
2021-07-19 17:46:03:365 [AndroidDriver] Performing fast reset on 'io.appium.android.apis'
2021-07-19 17:46:03:370 [ADB] Getting install status for io.appium.android.apis
2021-07-19 17:46:03:371 [ADB] Running '/Users/pradeep/Library/Android/sdk/platform-tools/adb -P 5037 -s emulator-5554 shell dumpsys package io.appium.android.apis'
2021-07-19 17:46:04:160 [ADB] 'io.appium.android.apis' is installed
2021-07-19 17:46:04:161 [ADB] Running '/Users/pradeep/Library/Android/sdk/platform-tools/adb -P 5037 -s emulator-5554 shell am force-stop io.appium.android.apis'
2021-07-19 17:46:05:742 [ADB] Running '/Users/pradeep/Library/Android/sdk/platform-tools/adb -P 5037 -s emulator-5554 shell pm clear io.appium.android.apis'
2021-07-19 17:46:08:743 [AndroidDriver] Performed fast reset on the installed 'io.appium.android.apis' application (stop and clear)
2021-07-19 17:46:08:744 [UiAutomator2] Performing shallow cleanup of automation leftovers
2021-07-19 17:46:08:875 [UiAutomator2] The following obsolete sessions are still running: [null]
2021-07-19 17:46:08:876 [UiAutomator2] Cleaning up the obsolete sessions
2021-07-19 17:46:09:986 [ADB] Running '/Users/pradeep/Library/Android/sdk/platform-tools/adb -P 5037 -s emulator-5554 shell am force-stop io.appium.uiautomator2.server.test'
2021-07-19 17:46:10:330 [UiAutomator2] Starting UIAutomator2 server 4.21.1
2021-07-19 17:46:10:331 [UiAutomator2] Using UIAutomator2 server from '/usr/local/lib/node_modules/appium/node_modules/appium-uiautomator2-server/apks/appium-uiautomator2-server-v4.21.1.apk' and test from '/usr/local/lib/node_modules/appium/node_modules/appium-uiautomator2-server/apks/appium-uiautomator2-server-debug-androidTest.apk'
2021-07-19 17:46:10:331 [UiAutomator2] Waiting up to 30000ms for UiAutomator2 to be online...
2021-07-19 17:46:10:332 [ADB] Creating ADB subprocess with args: ["-P",5037,"-s","emulator-5554","shell","am","instrument","-w","-e","disableAnalytics",true,"io.appium.uiautomator2.server.test/androidx.test.runner.AndroidJUnitRunner"]
2021-07-19 17:46:10:352 [WD Proxy] Matched '/status' to command name 'getStatus'
2021-07-19 17:46:10:356 [WD Proxy] Proxying [GET /status] to [GET http://127.0.0.1:8200/wd/hub/status] with no body
2021-07-19 17:46:10:458 [WD Proxy] socket hang up
2021-07-19 17:46:11:461 [WD Proxy] Matched '/status' to command name 'getStatus'
2021-07-19 17:46:11:462 [WD Proxy] Proxying [GET /status] to [GET http://127.0.0.1:8200/wd/hub/status] with no body
2021-07-19 17:46:11:473 [WD Proxy] socket hang up
2021-07-19 17:46:12:496 [WD Proxy] Matched '/status' to command name 'getStatus'
2021-07-19 17:46:12:497 [WD Proxy] Proxying [GET /status] to [GET http://127.0.0.1:8200/wd/hub/status] with no body
2021-07-19 17:46:12:515 [WD Proxy] socket hang up
2021-07-19 17:46:13:584 [WD Proxy] Matched '/status' to command name 'getStatus'
2021-07-19 17:46:13:586 [WD Proxy] Proxying [GET /status] to [GET http://127.0.0.1:8200/wd/hub/status] with no body
2021-07-19 17:46:13:596 [WD Proxy] socket hang up
2021-07-19 17:46:14:611 [WD Proxy] Matched '/status' to command name 'getStatus'
2021-07-19 17:46:14:612 [WD Proxy] Proxying [GET /status] to [GET http://127.0.0.1:8200/wd/hub/status] with no body
2021-07-19 17:46:14:632 [WD Proxy] socket hang up
2021-07-19 17:46:15:695 [WD Proxy] Matched '/status' to command name 'getStatus'
2021-07-19 17:46:15:695 [WD Proxy] Proxying [GET /status] to [GET http://127.0.0.1:8200/wd/hub/status] with no body
2021-07-19 17:46:15:715 [WD Proxy] socket hang up
2021-07-19 17:46:16:743 [WD Proxy] Matched '/status' to command name 'getStatus'
2021-07-19 17:46:16:744 [WD Proxy] Proxying [GET /status] to [GET http://127.0.0.1:8200/wd/hub/status] with no body
2021-07-19 17:46:16:761 [WD Proxy] socket hang up
2021-07-19 17:46:17:806 [WD Proxy] Matched '/status' to command name 'getStatus'
2021-07-19 17:46:17:806 [WD Proxy] Proxying [GET /status] to [GET http://127.0.0.1:8200/wd/hub/status] with no body
2021-07-19 17:46:17:815 [WD Proxy] socket hang up
2021-07-19 17:46:18:508 [Instrumentation] io.appium.uiautomator2.server.test.AppiumUiAutomator2Server:
2021-07-19 17:46:18:844 [WD Proxy] Matched '/status' to command name 'getStatus'
2021-07-19 17:46:18:844 [WD Proxy] Proxying [GET /status] to [GET http://127.0.0.1:8200/wd/hub/status] with no body
2021-07-19 17:46:18:859 [WD Proxy] socket hang up
2021-07-19 17:46:19:867 [WD Proxy] Matched '/status' to command name 'getStatus'
2021-07-19 17:46:19:868 [WD Proxy] Proxying [GET /status] to [GET http://127.0.0.1:8200/wd/hub/status] with no body
2021-07-19 17:46:19:882 [WD Proxy] socket hang up
2021-07-19 17:46:20:905 [WD Proxy] Matched '/status' to command name 'getStatus'
2021-07-19 17:46:20:906 [WD Proxy] Proxying [GET /status] to [GET http://127.0.0.1:8200/wd/hub/status] with no body
2021-07-19 17:46:20:918 [WD Proxy] socket hang up
2021-07-19 17:46:21:986 [WD Proxy] Matched '/status' to command name 'getStatus'
2021-07-19 17:46:21:987 [WD Proxy] Proxying [GET /status] to [GET http://127.0.0.1:8200/wd/hub/status] with no body
2021-07-19 17:46:22:535 [WD Proxy] Got response with status 200: {"sessionId":"None","value":{"message":"UiAutomator2 Server is ready to accept commands","ready":true}}
2021-07-19 17:46:22:536 [UiAutomator2] The initialization of the instrumentation process took 12205ms
2021-07-19 17:46:22:537 [WD Proxy] Matched '/session' to command name 'createSession'
2021-07-19 17:46:22:537 [WD Proxy] Proxying [POST /session] to [POST http://127.0.0.1:8200/wd/hub/session] with body: {"capabilities":{"firstMatch":[{"platform":"LINUX","webStorageEnabled":false,"takesScreenshot":true,"javascriptEnabled":true,"databaseEnabled":false,"networkConnectionEnabled":true,"locationContextEnabled":false,"warnings":{},"desired":{"platformName":"android","app":"/Users/pradeep/Documents/New_Learning_Workspace/MobileAutomationFramework_Appium_RS/src/resources/ApiDemos-debug.apk","automationName":"uiautomator2","deviceName":"Emulator_PixelC_Android10","newCommandTimeout":10},"platformName":"android","app":"/Users/pradeep/Documents/New_Learning_Workspace/MobileAutomationFramework_Appium_RS/src/resources/ApiDemos-debug.apk","automationName":"uiautomator2","deviceName":"emulator-5554","newCommandTimeout":10,"deviceUDID":"emulator-5554","appPackage":"io.appium.android.apis"}],"alwaysMatch":{}}}
2021-07-19 17:46:22:691 [WD Proxy] Got response with status 200: {"sessionId":"fe554e8a-e601-48ea-83af-d7059e7e7cbc","value":{"capabilities":{"firstMatch":[{"platform":"LINUX","webStorageEnabled":false,"takesScreenshot":true,"javascriptEnabled":true,"databaseEnabled":false,"networkConnectionEnabled":true,"locationContextEnabled":false,"warnings":{},"desired":{"platformName":"android","app":"/Users/pradeep/Documents/New_Learning_Workspace/MobileAutomationFramework_Appium_RS/src/resources/ApiDemos-debug.apk","automationName":"uiautomator2","deviceName":"Emulator_PixelC_Android10","newCommandTimeout":10},"platformName":"android","app":"/Users/pradeep/Documents/New_Learning_Workspace/MobileAutomationFramework_Appium_RS/src/resources/ApiDemos-debug.apk","automationName":"uiautomator2","deviceName":"emulator-5554","newCommandTimeout":10,"deviceUDID":"emulator-5554","appPackage":"io.appium.android.apis"}],"alwaysMatch":{}},"sessionId":"fe554e8a-e601-48ea-83af-d7059e7e7cbc"}}
2021-07-19 17:46:22:692 [WD Proxy] Determined the downstream protocol as 'W3C'
2021-07-19 17:46:22:724 [WD Proxy] Proxying [GET /appium/device/info] to [GET http://127.0.0.1:8200/wd/hub/session/fe554e8a-e601-48ea-83af-d7059e7e7cbc/appium/device/info] with no body
2021-07-19 17:46:22:886 [WD Proxy] Got response with status 200: {"sessionId":"fe554e8a-e601-48ea-83af-d7059e7e7cbc","value":{"androidId":"19233a99f4d07ab3","apiVersion":"29","bluetooth":null,"brand":"google","carrierName":"Android","displayDensity":320,"locale":"en_US","manufacturer":"Google","model":"Android SDK built for x86","networks":[{"capabilities":{"SSID":null,"linkDownBandwidthKbps":1048576,"linkUpstreamBandwidthKbps":1048576,"networkCapabilities":"NET_CAPABILITY_NOT_METERED,NET_CAPABILITY_INTERNET,NET_CAPABILITY_NOT_RESTRICTED,NET_CAPABILITY_TRUSTED,NET_CAPABILITY_NOT_VPN,NET_CAPABILITY_VALIDATED,NET_CAPABILITY_NOT_ROAMING,NET_CAPABILITY_FOREGROUND,NET_CAPABILITY_NOT_CONGESTED,NET_CAPABILITY_NOT_SUSPENDED","signalStrength":-30,"transportTypes":"TRANSPORT_WIFI"},"detailedState":"CONNECTED","extraInfo":null,"isAvailable":true,"isConnected":true,"isFailover":false,"isRoaming":false,"state":"CONNECTED","subtype":0,"subtypeName":"","type":1,"typeName":"WIFI"},{"capabilities":{"SSID":null,"linkDownBandwidthKbps":102400,"linkUpstreamBandwidthKbps":51200,"networkCapa...
2021-07-19 17:46:22:887 [ADB] Running '/Users/pradeep/Library/Android/sdk/platform-tools/adb -P 5037 -s emulator-5554 shell dumpsys window'
2021-07-19 17:46:23:144 [AndroidDriver] Screen already unlocked, doing nothing
2021-07-19 17:46:23:145 [UiAutomator2] Starting 'io.appium.android.apis/io.appium.android.apis.ApiDemos and waiting for 'io.appium.android.apis/io.appium.android.apis.ApiDemos'
2021-07-19 17:46:23:147 [ADB] Running '/Users/pradeep/Library/Android/sdk/platform-tools/adb -P 5037 -s emulator-5554 shell am start -W -n io.appium.android.apis/io.appium.android.apis.ApiDemos -S -a android.intent.action.MAIN -c android.intent.category.LAUNCHER -f 0x10200000'
2021-07-19 17:46:28:107 [ADB] Waiting up to 20000ms for activity matching pkg: 'io.appium.android.apis' and activity: 'io.appium.android.apis.ApiDemos' to be focused
2021-07-19 17:46:28:108 [ADB] Possible activities, to be checked: 'io.appium.android.apis.ApiDemos', 'io.appium.android.apis.io.appium.android.apis.ApiDemos'
2021-07-19 17:46:28:109 [ADB] Getting focused package and activity
2021-07-19 17:46:28:109 [ADB] Running '/Users/pradeep/Library/Android/sdk/platform-tools/adb -P 5037 -s emulator-5554 shell dumpsys window displays'
2021-07-19 17:46:28:366 [ADB] Found package: 'io.appium.android.apis' and fully qualified activity name : 'io.appium.android.apis.ApiDemos'
2021-07-19 17:46:28:373 [WD Proxy] Proxying [GET /appium/device/pixel_ratio] to [GET http://127.0.0.1:8200/wd/hub/session/fe554e8a-e601-48ea-83af-d7059e7e7cbc/appium/device/pixel_ratio] with no body
2021-07-19 17:46:28:418 [WD Proxy] Got response with status 200: {"sessionId":"fe554e8a-e601-48ea-83af-d7059e7e7cbc","value":2}
2021-07-19 17:46:28:425 [WD Proxy] Matched '/appium/device/system_bars' to command name 'getSystemBars'
2021-07-19 17:46:28:426 [WD Proxy] Proxying [GET /appium/device/system_bars] to [GET http://127.0.0.1:8200/wd/hub/session/fe554e8a-e601-48ea-83af-d7059e7e7cbc/appium/device/system_bars] with no body
2021-07-19 17:46:28:450 [WD Proxy] Got response with status 200: {"sessionId":"fe554e8a-e601-48ea-83af-d7059e7e7cbc","value":{"statusBar":48}}
2021-07-19 17:46:28:451 [WD Proxy] Matched '/window/current/size' to command name 'getWindowSize'
2021-07-19 17:46:28:455 [WD Proxy] Proxying [GET /window/current/size] to [GET http://127.0.0.1:8200/wd/hub/session/fe554e8a-e601-48ea-83af-d7059e7e7cbc/window/current/size] with no body
2021-07-19 17:46:28:492 [WD Proxy] Got response with status 200: {"sessionId":"fe554e8a-e601-48ea-83af-d7059e7e7cbc","value":{"height":2448,"width":1800}}
2021-07-19 17:46:28:494 [Appium] New AndroidUiautomator2Driver session created successfully, session 2f9e66fb-33fd-487b-aebb-88694a658658 added to master session list
2021-07-19 17:46:28:496 [BaseDriver] Event 'newSessionStarted' logged at 1626716788495 (23:16:28 GMT+0530 (India Standard Time))
2021-07-19 17:46:28:498 [W3C (2f9e66fb)] Cached the protocol value 'W3C' for the new session 2f9e66fb-33fd-487b-aebb-88694a658658
2021-07-19 17:46:28:499 [W3C (2f9e66fb)] Responding to client with driver.createSession() result: {"capabilities":{"platform":"LINUX","webStorageEnabled":false,"takesScreenshot":true,"javascriptEnabled":true,"databaseEnabled":false,"networkConnectionEnabled":true,"locationContextEnabled":false,"warnings":{},"desired":{"platformName":"android","app":"/Users/pradeep/Documents/New_Learning_Workspace/MobileAutomationFramework_Appium_RS/src/resources/ApiDemos-debug.apk","automationName":"uiautomator2","deviceName":"Emulator_PixelC_Android10","newCommandTimeout":10},"platformName":"android","app":"/Users/pradeep/Documents/New_Learning_Workspace/MobileAutomationFramework_Appium_RS/src/resources/ApiDemos-debug.apk","automationName":"uiautomator2","deviceName":"emulator-5554","newCommandTimeout":10,"deviceUDID":"emulator-5554","appPackage":"io.appium.android.apis","deviceApiLevel":29,"platformVersion":"10","deviceScreenSize":"1800x2560","deviceScreenDensity":320,"deviceModel":"Android SDK built for x86","deviceManufacturer":"Google","pixelRatio":2,"statBarHeight":48,"viewportRect":{"left":0,"top":48,"width":180...
2021-07-19 17:46:28:511 [HTTP] <-- POST /wd/hub/session 200 34299 ms - 1100
2021-07-19 17:46:28:511 [HTTP] 
2021-07-19 17:46:28:546 [HTTP] --> POST /wd/hub/session/2f9e66fb-33fd-487b-aebb-88694a658658/timeouts
2021-07-19 17:46:28:546 [HTTP] {"implicit":10000}
2021-07-19 17:46:28:550 [W3C (2f9e66fb)] Calling AppiumDriver.timeouts() with args: [null,null,null,null,10000,"2f9e66fb-33fd-487b-aebb-88694a658658"]
2021-07-19 17:46:28:551 [BaseDriver] W3C timeout argument: {"implicit":10000}}
2021-07-19 17:46:28:554 [BaseDriver] Set implicit wait to 10000ms
2021-07-19 17:46:28:556 [W3C (2f9e66fb)] Responding to client with driver.timeouts() result: null
2021-07-19 17:46:28:558 [HTTP] <-- POST /wd/hub/session/2f9e66fb-33fd-487b-aebb-88694a658658/timeouts 200 11 ms - 14
2021-07-19 17:46:28:558 [HTTP] 
2021-07-19 17:46:28:567 [HTTP] --> POST /wd/hub/session/2f9e66fb-33fd-487b-aebb-88694a658658/element
2021-07-19 17:46:28:570 [HTTP] {"using":"xpath","value":"//android.widget.TextView[@text='Preference']"}
2021-07-19 17:46:28:577 [W3C (2f9e66fb)] Calling AppiumDriver.findElement() with args: ["xpath","//android.widget.TextView[@text='Preference']","2f9e66fb-33fd-487b-aebb-88694a658658"]
2021-07-19 17:46:28:578 [BaseDriver] Valid locator strategies for this request: xpath, id, class name, accessibility id, css selector, -android uiautomator
2021-07-19 17:46:28:579 [BaseDriver] Waiting up to 10000 ms for condition
2021-07-19 17:46:28:581 [WD Proxy] Matched '/element' to command name 'findElement'
2021-07-19 17:46:28:581 [WD Proxy] Proxying [POST /element] to [POST http://127.0.0.1:8200/wd/hub/session/fe554e8a-e601-48ea-83af-d7059e7e7cbc/element] with body: {"strategy":"xpath","selector":"//android.widget.TextView[@text='Preference']","context":"","multiple":false}
2021-07-19 17:46:29:124 [WD Proxy] Got response with status 200: {"sessionId":"fe554e8a-e601-48ea-83af-d7059e7e7cbc","value":{"ELEMENT":"6b4313f6-88f1-4e2c-ba6a-ef283fe76472","element-6066-11e4-a52e-4f735466cecf":"6b4313f6-88f1-4e2c-ba6a-ef283fe76472"}}
2021-07-19 17:46:29:125 [W3C (2f9e66fb)] Responding to client with driver.findElement() result: {"element-6066-11e4-a52e-4f735466cecf":"6b4313f6-88f1-4e2c-ba6a-ef283fe76472","ELEMENT":"6b4313f6-88f1-4e2c-ba6a-ef283fe76472"}
2021-07-19 17:46:29:126 [HTTP] <-- POST /wd/hub/session/2f9e66fb-33fd-487b-aebb-88694a658658/element 200 559 ms - 137
2021-07-19 17:46:29:126 [HTTP] 
2021-07-19 17:46:29:140 [HTTP] --> POST /wd/hub/session/2f9e66fb-33fd-487b-aebb-88694a658658/element/6b4313f6-88f1-4e2c-ba6a-ef283fe76472/click
2021-07-19 17:46:29:140 [HTTP] {"id":"6b4313f6-88f1-4e2c-ba6a-ef283fe76472"}
2021-07-19 17:46:29:144 [W3C (2f9e66fb)] Calling AppiumDriver.click() with args: ["6b4313f6-88f1-4e2c-ba6a-ef283fe76472","2f9e66fb-33fd-487b-aebb-88694a658658"]
2021-07-19 17:46:29:145 [WD Proxy] Matched '/element/6b4313f6-88f1-4e2c-ba6a-ef283fe76472/click' to command name 'click'
2021-07-19 17:46:29:145 [WD Proxy] Proxying [POST /element/6b4313f6-88f1-4e2c-ba6a-ef283fe76472/click] to [POST http://127.0.0.1:8200/wd/hub/session/fe554e8a-e601-48ea-83af-d7059e7e7cbc/element/6b4313f6-88f1-4e2c-ba6a-ef283fe76472/click] with body: {"element":"6b4313f6-88f1-4e2c-ba6a-ef283fe76472"}
2021-07-19 17:46:30:032 [WD Proxy] Got response with status 200: {"sessionId":"fe554e8a-e601-48ea-83af-d7059e7e7cbc","value":null}
2021-07-19 17:46:30:032 [W3C (2f9e66fb)] Responding to client with driver.click() result: null
2021-07-19 17:46:30:034 [HTTP] <-- POST /wd/hub/session/2f9e66fb-33fd-487b-aebb-88694a658658/element/6b4313f6-88f1-4e2c-ba6a-ef283fe76472/click 200 894 ms - 14
2021-07-19 17:46:30:034 [HTTP] 
2021-07-19 17:46:30:045 [HTTP] --> POST /wd/hub/session/2f9e66fb-33fd-487b-aebb-88694a658658/element
2021-07-19 17:46:30:045 [HTTP] {"using":"xpath","value":"//android.widget.TextView[@text='3. Preference dependencies']"}
2021-07-19 17:46:30:046 [W3C (2f9e66fb)] Calling AppiumDriver.findElement() with args: ["xpath","//android.widget.TextView[@text='3. Preference dependencies']","2f9e66fb-33fd-487b-aebb-88694a658658"]
2021-07-19 17:46:30:047 [BaseDriver] Valid locator strategies for this request: xpath, id, class name, accessibility id, css selector, -android uiautomator
2021-07-19 17:46:30:047 [BaseDriver] Waiting up to 10000 ms for condition
2021-07-19 17:46:30:048 [WD Proxy] Matched '/element' to command name 'findElement'
2021-07-19 17:46:30:048 [WD Proxy] Proxying [POST /element] to [POST http://127.0.0.1:8200/wd/hub/session/fe554e8a-e601-48ea-83af-d7059e7e7cbc/element] with body: {"strategy":"xpath","selector":"//android.widget.TextView[@text='3. Preference dependencies']","context":"","multiple":false}
2021-07-19 17:46:32:209 [WD Proxy] Got response with status 404: {"sessionId":"fe554e8a-e601-48ea-83af-d7059e7e7cbc","value":{"error":"no such element","message":"An element could not be located on the page using the given search parameters","stacktrace":"io.appium.uiautomator2.common.exceptions.ElementNotFoundException: An element could not be located on the page using the given search parameters\n\tat io.appium.uiautomator2.handler.FindElement.findElement(FindElement.java:89)\n\tat io.appium.uiautomator2.handler.FindElement.safeHandle(FindElement.java:66)\n\tat io.appium.uiautomator2.handler.request.SafeRequestHandler.handle(SafeRequestHandler.java:41)\n\tat io.appium.uiautomator2.server.AppiumServlet.handleRequest(AppiumServlet.java:262)\n\tat io.appium.uiautomator2.server.AppiumServlet.handleHttpRequest(AppiumServlet.java:256)\n\tat io.appium.uiautomator2.http.ServerHandler.channelRead(ServerHandler.java:68)\n\tat io.netty.channel.AbstractChannelHandlerContext.invokeChannelRead(AbstractChannelHandlerContext.java:366)\n\tat io.netty.channel.AbstractChannelHandlerCont...
2021-07-19 17:46:32:210 [W3C] Matched W3C error code 'no such element' to NoSuchElementError
2021-07-19 17:46:32:210 [BaseDriver] Waited for 2163 ms so far
2021-07-19 17:46:32:715 [WD Proxy] Matched '/element' to command name 'findElement'
2021-07-19 17:46:32:715 [WD Proxy] Proxying [POST /element] to [POST http://127.0.0.1:8200/wd/hub/session/fe554e8a-e601-48ea-83af-d7059e7e7cbc/element] with body: {"strategy":"xpath","selector":"//android.widget.TextView[@text='3. Preference dependencies']","context":"","multiple":false}
2021-07-19 17:46:32:962 [WD Proxy] Got response with status 200: {"sessionId":"fe554e8a-e601-48ea-83af-d7059e7e7cbc","value":{"ELEMENT":"05d53be7-1d44-4b0e-8c8c-26733da56476","element-6066-11e4-a52e-4f735466cecf":"05d53be7-1d44-4b0e-8c8c-26733da56476"}}
2021-07-19 17:46:32:962 [W3C (2f9e66fb)] Responding to client with driver.findElement() result: {"element-6066-11e4-a52e-4f735466cecf":"05d53be7-1d44-4b0e-8c8c-26733da56476","ELEMENT":"05d53be7-1d44-4b0e-8c8c-26733da56476"}
2021-07-19 17:46:32:965 [HTTP] <-- POST /wd/hub/session/2f9e66fb-33fd-487b-aebb-88694a658658/element 200 2919 ms - 137
2021-07-19 17:46:32:965 [HTTP] 
2021-07-19 17:46:32:980 [HTTP] --> POST /wd/hub/session/2f9e66fb-33fd-487b-aebb-88694a658658/element/05d53be7-1d44-4b0e-8c8c-26733da56476/click
2021-07-19 17:46:32:981 [HTTP] {"id":"05d53be7-1d44-4b0e-8c8c-26733da56476"}
2021-07-19 17:46:32:982 [W3C (2f9e66fb)] Calling AppiumDriver.click() with args: ["05d53be7-1d44-4b0e-8c8c-26733da56476","2f9e66fb-33fd-487b-aebb-88694a658658"]
2021-07-19 17:46:32:983 [WD Proxy] Matched '/element/05d53be7-1d44-4b0e-8c8c-26733da56476/click' to command name 'click'
2021-07-19 17:46:32:984 [WD Proxy] Proxying [POST /element/05d53be7-1d44-4b0e-8c8c-26733da56476/click] to [POST http://127.0.0.1:8200/wd/hub/session/fe554e8a-e601-48ea-83af-d7059e7e7cbc/element/05d53be7-1d44-4b0e-8c8c-26733da56476/click] with body: {"element":"05d53be7-1d44-4b0e-8c8c-26733da56476"}
2021-07-19 17:46:34:084 [WD Proxy] Got response with status 200: {"sessionId":"fe554e8a-e601-48ea-83af-d7059e7e7cbc","value":null}
2021-07-19 17:46:34:085 [W3C (2f9e66fb)] Responding to client with driver.click() result: null
2021-07-19 17:46:34:091 [HTTP] <-- POST /wd/hub/session/2f9e66fb-33fd-487b-aebb-88694a658658/element/05d53be7-1d44-4b0e-8c8c-26733da56476/click 200 1108 ms - 14
2021-07-19 17:46:34:093 [HTTP] 
2021-07-19 17:46:34:106 [HTTP] --> POST /wd/hub/session/2f9e66fb-33fd-487b-aebb-88694a658658/element
2021-07-19 17:46:34:106 [HTTP] {"using":"id","value":"android:id/checkbox"}
2021-07-19 17:46:34:109 [W3C (2f9e66fb)] Calling AppiumDriver.findElement() with args: ["id","android:id/checkbox","2f9e66fb-33fd-487b-aebb-88694a658658"]
2021-07-19 17:46:34:109 [BaseDriver] Valid locator strategies for this request: xpath, id, class name, accessibility id, css selector, -android uiautomator
2021-07-19 17:46:34:110 [BaseDriver] Waiting up to 10000 ms for condition
2021-07-19 17:46:34:111 [WD Proxy] Matched '/element' to command name 'findElement'
2021-07-19 17:46:34:111 [WD Proxy] Proxying [POST /element] to [POST http://127.0.0.1:8200/wd/hub/session/fe554e8a-e601-48ea-83af-d7059e7e7cbc/element] with body: {"strategy":"id","selector":"android:id/checkbox","context":"","multiple":false}
2021-07-19 17:46:36:548 [WD Proxy] Got response with status 404: {"sessionId":"fe554e8a-e601-48ea-83af-d7059e7e7cbc","value":{"error":"no such element","message":"An element could not be located on the page using the given search parameters","stacktrace":"io.appium.uiautomator2.common.exceptions.ElementNotFoundException: An element could not be located on the page using the given search parameters\n\tat io.appium.uiautomator2.handler.FindElement.safeHandle(FindElement.java:68)\n\tat io.appium.uiautomator2.handler.request.SafeRequestHandler.handle(SafeRequestHandler.java:41)\n\tat io.appium.uiautomator2.server.AppiumServlet.handleRequest(AppiumServlet.java:262)\n\tat io.appium.uiautomator2.server.AppiumServlet.handleHttpRequest(AppiumServlet.java:256)\n\tat io.appium.uiautomator2.http.ServerHandler.channelRead(ServerHandler.java:68)\n\tat io.netty.channel.AbstractChannelHandlerContext.invokeChannelRead(AbstractChannelHandlerContext.java:366)\n\tat io.netty.channel.AbstractChannelHandlerContext.invokeChannelRead(AbstractChannelHandlerContext.java:352)\n\tat io.netty.chann...
2021-07-19 17:46:36:549 [W3C] Matched W3C error code 'no such element' to NoSuchElementError
2021-07-19 17:46:36:549 [BaseDriver] Waited for 2439 ms so far
2021-07-19 17:46:37:095 [WD Proxy] Matched '/element' to command name 'findElement'
2021-07-19 17:46:37:096 [WD Proxy] Proxying [POST /element] to [POST http://127.0.0.1:8200/wd/hub/session/fe554e8a-e601-48ea-83af-d7059e7e7cbc/element] with body: {"strategy":"id","selector":"android:id/checkbox","context":"","multiple":false}
2021-07-19 17:46:38:399 [WD Proxy] Got response with status 200: {"sessionId":"fe554e8a-e601-48ea-83af-d7059e7e7cbc","value":{"ELEMENT":"9eb39890-fd54-447f-a3cd-ebf4c5707018","element-6066-11e4-a52e-4f735466cecf":"9eb39890-fd54-447f-a3cd-ebf4c5707018"}}
2021-07-19 17:46:38:400 [W3C (2f9e66fb)] Responding to client with driver.findElement() result: {"element-6066-11e4-a52e-4f735466cecf":"9eb39890-fd54-447f-a3cd-ebf4c5707018","ELEMENT":"9eb39890-fd54-447f-a3cd-ebf4c5707018"}
2021-07-19 17:46:38:407 [HTTP] <-- POST /wd/hub/session/2f9e66fb-33fd-487b-aebb-88694a658658/element 200 4297 ms - 137
2021-07-19 17:46:38:408 [HTTP] 
2021-07-19 17:46:38:416 [HTTP] --> POST /wd/hub/session/2f9e66fb-33fd-487b-aebb-88694a658658/element/9eb39890-fd54-447f-a3cd-ebf4c5707018/click
2021-07-19 17:46:38:417 [HTTP] {"id":"9eb39890-fd54-447f-a3cd-ebf4c5707018"}
2021-07-19 17:46:38:417 [W3C (2f9e66fb)] Calling AppiumDriver.click() with args: ["9eb39890-fd54-447f-a3cd-ebf4c5707018","2f9e66fb-33fd-487b-aebb-88694a658658"]
2021-07-19 17:46:38:423 [WD Proxy] Matched '/element/9eb39890-fd54-447f-a3cd-ebf4c5707018/click' to command name 'click'
2021-07-19 17:46:38:423 [WD Proxy] Proxying [POST /element/9eb39890-fd54-447f-a3cd-ebf4c5707018/click] to [POST http://127.0.0.1:8200/wd/hub/session/fe554e8a-e601-48ea-83af-d7059e7e7cbc/element/9eb39890-fd54-447f-a3cd-ebf4c5707018/click] with body: {"element":"9eb39890-fd54-447f-a3cd-ebf4c5707018"}
2021-07-19 17:46:39:916 [WD Proxy] Got response with status 200: {"sessionId":"fe554e8a-e601-48ea-83af-d7059e7e7cbc","value":null}
2021-07-19 17:46:39:917 [W3C (2f9e66fb)] Responding to client with driver.click() result: null
2021-07-19 17:46:39:919 [HTTP] <-- POST /wd/hub/session/2f9e66fb-33fd-487b-aebb-88694a658658/element/9eb39890-fd54-447f-a3cd-ebf4c5707018/click 200 1501 ms - 14
2021-07-19 17:46:39:919 [HTTP] 
2021-07-19 17:46:39:928 [HTTP] --> POST /wd/hub/session/2f9e66fb-33fd-487b-aebb-88694a658658/element
2021-07-19 17:46:39:928 [HTTP] {"using":"xpath","value":"(//android.widget.RelativeLayout)[2]"}
2021-07-19 17:46:39:929 [W3C (2f9e66fb)] Calling AppiumDriver.findElement() with args: ["xpath","(//android.widget.RelativeLayout)[2]","2f9e66fb-33fd-487b-aebb-88694a658658"]
2021-07-19 17:46:39:929 [BaseDriver] Valid locator strategies for this request: xpath, id, class name, accessibility id, css selector, -android uiautomator
2021-07-19 17:46:39:930 [BaseDriver] Waiting up to 10000 ms for condition
2021-07-19 17:46:39:931 [WD Proxy] Matched '/element' to command name 'findElement'
2021-07-19 17:46:39:931 [WD Proxy] Proxying [POST /element] to [POST http://127.0.0.1:8200/wd/hub/session/fe554e8a-e601-48ea-83af-d7059e7e7cbc/element] with body: {"strategy":"xpath","selector":"(//android.widget.RelativeLayout)[2]","context":"","multiple":false}
2021-07-19 17:46:40:146 [WD Proxy] Got response with status 200: {"sessionId":"fe554e8a-e601-48ea-83af-d7059e7e7cbc","value":{"ELEMENT":"600dc59c-31ff-4c99-9608-fa60b7aec80b","element-6066-11e4-a52e-4f735466cecf":"600dc59c-31ff-4c99-9608-fa60b7aec80b"}}
2021-07-19 17:46:40:147 [W3C (2f9e66fb)] Responding to client with driver.findElement() result: {"element-6066-11e4-a52e-4f735466cecf":"600dc59c-31ff-4c99-9608-fa60b7aec80b","ELEMENT":"600dc59c-31ff-4c99-9608-fa60b7aec80b"}
2021-07-19 17:46:40:148 [HTTP] <-- POST /wd/hub/session/2f9e66fb-33fd-487b-aebb-88694a658658/element 200 220 ms - 137
2021-07-19 17:46:40:148 [HTTP] 
2021-07-19 17:46:40:157 [HTTP] --> POST /wd/hub/session/2f9e66fb-33fd-487b-aebb-88694a658658/element/600dc59c-31ff-4c99-9608-fa60b7aec80b/click
2021-07-19 17:46:40:158 [HTTP] {"id":"600dc59c-31ff-4c99-9608-fa60b7aec80b"}
2021-07-19 17:46:40:158 [W3C (2f9e66fb)] Calling AppiumDriver.click() with args: ["600dc59c-31ff-4c99-9608-fa60b7aec80b","2f9e66fb-33fd-487b-aebb-88694a658658"]
2021-07-19 17:46:40:159 [WD Proxy] Matched '/element/600dc59c-31ff-4c99-9608-fa60b7aec80b/click' to command name 'click'
2021-07-19 17:46:40:160 [WD Proxy] Proxying [POST /element/600dc59c-31ff-4c99-9608-fa60b7aec80b/click] to [POST http://127.0.0.1:8200/wd/hub/session/fe554e8a-e601-48ea-83af-d7059e7e7cbc/element/600dc59c-31ff-4c99-9608-fa60b7aec80b/click] with body: {"element":"600dc59c-31ff-4c99-9608-fa60b7aec80b"}
2021-07-19 17:46:41:381 [WD Proxy] Got response with status 200: {"sessionId":"fe554e8a-e601-48ea-83af-d7059e7e7cbc","value":null}
2021-07-19 17:46:41:381 [W3C (2f9e66fb)] Responding to client with driver.click() result: null
2021-07-19 17:46:41:383 [HTTP] <-- POST /wd/hub/session/2f9e66fb-33fd-487b-aebb-88694a658658/element/600dc59c-31ff-4c99-9608-fa60b7aec80b/click 200 1225 ms - 14
2021-07-19 17:46:41:383 [HTTP] 
2021-07-19 17:46:41:392 [HTTP] --> POST /wd/hub/session/2f9e66fb-33fd-487b-aebb-88694a658658/element
2021-07-19 17:46:41:392 [HTTP] {"using":"class name","value":"android.widget.EditText"}
2021-07-19 17:46:41:393 [W3C (2f9e66fb)] Calling AppiumDriver.findElement() with args: ["class name","android.widget.EditText","2f9e66fb-33fd-487b-aebb-88694a658658"]
2021-07-19 17:46:41:394 [BaseDriver] Valid locator strategies for this request: xpath, id, class name, accessibility id, css selector, -android uiautomator
2021-07-19 17:46:41:395 [BaseDriver] Waiting up to 10000 ms for condition
2021-07-19 17:46:41:396 [WD Proxy] Matched '/element' to command name 'findElement'
2021-07-19 17:46:41:396 [WD Proxy] Proxying [POST /element] to [POST http://127.0.0.1:8200/wd/hub/session/fe554e8a-e601-48ea-83af-d7059e7e7cbc/element] with body: {"strategy":"class name","selector":"android.widget.EditText","context":"","multiple":false}
2021-07-19 17:46:41:497 [WD Proxy] Got response with status 200: {"sessionId":"fe554e8a-e601-48ea-83af-d7059e7e7cbc","value":{"ELEMENT":"3c6bc759-0dc4-42d8-a34e-09c44852a8ba","element-6066-11e4-a52e-4f735466cecf":"3c6bc759-0dc4-42d8-a34e-09c44852a8ba"}}
2021-07-19 17:46:41:498 [W3C (2f9e66fb)] Responding to client with driver.findElement() result: {"element-6066-11e4-a52e-4f735466cecf":"3c6bc759-0dc4-42d8-a34e-09c44852a8ba","ELEMENT":"3c6bc759-0dc4-42d8-a34e-09c44852a8ba"}
2021-07-19 17:46:41:499 [HTTP] <-- POST /wd/hub/session/2f9e66fb-33fd-487b-aebb-88694a658658/element 200 107 ms - 137
2021-07-19 17:46:41:499 [HTTP] 
2021-07-19 17:46:41:511 [HTTP] --> POST /wd/hub/session/2f9e66fb-33fd-487b-aebb-88694a658658/element/3c6bc759-0dc4-42d8-a34e-09c44852a8ba/value
2021-07-19 17:46:41:511 [HTTP] {"id":"3c6bc759-0dc4-42d8-a34e-09c44852a8ba","text":"Mobile!@#$Automation","value":["M","o","b","i","l","e","!","@","#","$","A","u","t","o","m","a","t","i","o","n"]}
2021-07-19 17:46:41:513 [W3C (2f9e66fb)] Calling AppiumDriver.setValue() with args: [["M","o","b","i","l","e","!","@","#","$","A","u","t","o","m","a","t","i","o","n"],"3c6bc759-0dc4-42d8-a34e-09c44852a8ba","2f9e66fb-33fd-487b-aebb-88694a658658"]
2021-07-19 17:46:41:514 [WD Proxy] Matched '/element/3c6bc759-0dc4-42d8-a34e-09c44852a8ba/value' to command name 'setValue'
2021-07-19 17:46:41:515 [Protocol Converter] Added 'value' property ["M","o","b","i","l","e","!","@","#","$","A","u","t","o","m","a","t","i","o","n"] to 'setValue' request body
2021-07-19 17:46:41:515 [WD Proxy] Proxying [POST /element/3c6bc759-0dc4-42d8-a34e-09c44852a8ba/value] to [POST http://127.0.0.1:8200/wd/hub/session/fe554e8a-e601-48ea-83af-d7059e7e7cbc/element/3c6bc759-0dc4-42d8-a34e-09c44852a8ba/value] with body: {"elementId":"3c6bc759-0dc4-42d8-a34e-09c44852a8ba","text":"Mobile!@#$Automation","replace":false,"value":["M","o","b","i","l","e","!","@","#","$","A","u","t","o","m","a","t","i","o","n"]}
2021-07-19 17:46:41:716 [WD Proxy] Got response with status 200: {"sessionId":"fe554e8a-e601-48ea-83af-d7059e7e7cbc","value":null}
2021-07-19 17:46:41:716 [W3C (2f9e66fb)] Responding to client with driver.setValue() result: null
2021-07-19 17:46:41:718 [HTTP] <-- POST /wd/hub/session/2f9e66fb-33fd-487b-aebb-88694a658658/element/3c6bc759-0dc4-42d8-a34e-09c44852a8ba/value 200 206 ms - 14
2021-07-19 17:46:41:718 [HTTP] 
2021-07-19 17:46:41:727 [HTTP] --> POST /wd/hub/session/2f9e66fb-33fd-487b-aebb-88694a658658/elements
2021-07-19 17:46:41:727 [HTTP] {"using":"class name","value":"android.widget.Button"}
2021-07-19 17:46:41:728 [W3C (2f9e66fb)] Calling AppiumDriver.findElements() with args: ["class name","android.widget.Button","2f9e66fb-33fd-487b-aebb-88694a658658"]
2021-07-19 17:46:41:729 [BaseDriver] Valid locator strategies for this request: xpath, id, class name, accessibility id, css selector, -android uiautomator
2021-07-19 17:46:41:729 [BaseDriver] Waiting up to 10000 ms for condition
2021-07-19 17:46:41:730 [WD Proxy] Matched '/elements' to command name 'findElements'
2021-07-19 17:46:41:730 [WD Proxy] Proxying [POST /elements] to [POST http://127.0.0.1:8200/wd/hub/session/fe554e8a-e601-48ea-83af-d7059e7e7cbc/elements] with body: {"strategy":"class name","selector":"android.widget.Button","context":"","multiple":true}
2021-07-19 17:46:42:280 [WD Proxy] Got response with status 200: {"sessionId":"fe554e8a-e601-48ea-83af-d7059e7e7cbc","value":[{"ELEMENT":"0ccb7d31-61ea-4427-868e-684388f6b675","element-6066-11e4-a52e-4f735466cecf":"0ccb7d31-61ea-4427-868e-684388f6b675"},{"ELEMENT":"efeda66e-3f28-4648-a5ae-f6c801c35487","element-6066-11e4-a52e-4f735466cecf":"efeda66e-3f28-4648-a5ae-f6c801c35487"}]}
2021-07-19 17:46:42:281 [W3C (2f9e66fb)] Responding to client with driver.findElements() result: [{"element-6066-11e4-a52e-4f735466cecf":"0ccb7d31-61ea-4427-868e-684388f6b675","ELEMENT":"0ccb7d31-61ea-4427-868e-684388f6b675"},{"element-6066-11e4-a52e-4f735466cecf":"efeda66e-3f28-4648-a5ae-f6c801c35487","ELEMENT":"efeda66e-3f28-4648-a5ae-f6c801c35487"}]
2021-07-19 17:46:42:282 [HTTP] <-- POST /wd/hub/session/2f9e66fb-33fd-487b-aebb-88694a658658/elements 200 555 ms - 267
2021-07-19 17:46:42:283 [HTTP] 
2021-07-19 17:46:42:292 [HTTP] --> POST /wd/hub/session/2f9e66fb-33fd-487b-aebb-88694a658658/element/efeda66e-3f28-4648-a5ae-f6c801c35487/click
2021-07-19 17:46:42:293 [HTTP] {"id":"efeda66e-3f28-4648-a5ae-f6c801c35487"}
2021-07-19 17:46:42:293 [W3C (2f9e66fb)] Calling AppiumDriver.click() with args: ["efeda66e-3f28-4648-a5ae-f6c801c35487","2f9e66fb-33fd-487b-aebb-88694a658658"]
2021-07-19 17:46:42:295 [WD Proxy] Matched '/element/efeda66e-3f28-4648-a5ae-f6c801c35487/click' to command name 'click'
2021-07-19 17:46:42:295 [WD Proxy] Proxying [POST /element/efeda66e-3f28-4648-a5ae-f6c801c35487/click] to [POST http://127.0.0.1:8200/wd/hub/session/fe554e8a-e601-48ea-83af-d7059e7e7cbc/element/efeda66e-3f28-4648-a5ae-f6c801c35487/click] with body: {"element":"efeda66e-3f28-4648-a5ae-f6c801c35487"}
2021-07-19 17:46:42:557 [WD Proxy] Got response with status 200: {"sessionId":"fe554e8a-e601-48ea-83af-d7059e7e7cbc","value":null}
2021-07-19 17:46:42:557 [W3C (2f9e66fb)] Responding to client with driver.click() result: null
2021-07-19 17:46:42:560 [HTTP] <-- POST /wd/hub/session/2f9e66fb-33fd-487b-aebb-88694a658658/element/efeda66e-3f28-4648-a5ae-f6c801c35487/click 200 267 ms - 14
2021-07-19 17:46:42:560 [HTTP] 
2021-07-19 17:46:42:568 [HTTP] --> POST /wd/hub/session/2f9e66fb-33fd-487b-aebb-88694a658658/element
2021-07-19 17:46:42:568 [HTTP] {"using":"-android uiautomator","value":"className(\"android.widget.CheckBox\")"}
2021-07-19 17:46:42:569 [W3C (2f9e66fb)] Calling AppiumDriver.findElement() with args: ["-android uiautomator","className(\"android.widget.CheckBox\")","2f9e66fb-33fd-487b-aebb-88694a658658"]
2021-07-19 17:46:42:569 [BaseDriver] Valid locator strategies for this request: xpath, id, class name, accessibility id, css selector, -android uiautomator
2021-07-19 17:46:42:570 [BaseDriver] Waiting up to 10000 ms for condition
2021-07-19 17:46:42:571 [WD Proxy] Matched '/element' to command name 'findElement'
2021-07-19 17:46:42:573 [WD Proxy] Proxying [POST /element] to [POST http://127.0.0.1:8200/wd/hub/session/fe554e8a-e601-48ea-83af-d7059e7e7cbc/element] with body: {"strategy":"-android uiautomator","selector":"className(\"android.widget.CheckBox\")","context":"","multiple":false}
2021-07-19 17:46:43:042 [WD Proxy] Got response with status 200: {"sessionId":"fe554e8a-e601-48ea-83af-d7059e7e7cbc","value":{"ELEMENT":"3e08b78e-e275-4c82-874e-3067da7ba4f4","element-6066-11e4-a52e-4f735466cecf":"3e08b78e-e275-4c82-874e-3067da7ba4f4"}}
2021-07-19 17:46:43:043 [W3C (2f9e66fb)] Responding to client with driver.findElement() result: {"element-6066-11e4-a52e-4f735466cecf":"3e08b78e-e275-4c82-874e-3067da7ba4f4","ELEMENT":"3e08b78e-e275-4c82-874e-3067da7ba4f4"}
2021-07-19 17:46:43:044 [HTTP] <-- POST /wd/hub/session/2f9e66fb-33fd-487b-aebb-88694a658658/element 200 476 ms - 137
2021-07-19 17:46:43:044 [HTTP] 
2021-07-19 17:46:43:051 [HTTP] --> POST /wd/hub/session/2f9e66fb-33fd-487b-aebb-88694a658658/element/3e08b78e-e275-4c82-874e-3067da7ba4f4/click
2021-07-19 17:46:43:052 [HTTP] {"id":"3e08b78e-e275-4c82-874e-3067da7ba4f4"}
2021-07-19 17:46:43:056 [W3C (2f9e66fb)] Calling AppiumDriver.click() with args: ["3e08b78e-e275-4c82-874e-3067da7ba4f4","2f9e66fb-33fd-487b-aebb-88694a658658"]
2021-07-19 17:46:43:058 [WD Proxy] Matched '/element/3e08b78e-e275-4c82-874e-3067da7ba4f4/click' to command name 'click'
2021-07-19 17:46:43:061 [WD Proxy] Proxying [POST /element/3e08b78e-e275-4c82-874e-3067da7ba4f4/click] to [POST http://127.0.0.1:8200/wd/hub/session/fe554e8a-e601-48ea-83af-d7059e7e7cbc/element/3e08b78e-e275-4c82-874e-3067da7ba4f4/click] with body: {"element":"3e08b78e-e275-4c82-874e-3067da7ba4f4"}
2021-07-19 17:46:44:216 [WD Proxy] Got response with status 200: {"sessionId":"fe554e8a-e601-48ea-83af-d7059e7e7cbc","value":null}
2021-07-19 17:46:44:217 [W3C (2f9e66fb)] Responding to client with driver.click() result: null
2021-07-19 17:46:44:218 [HTTP] <-- POST /wd/hub/session/2f9e66fb-33fd-487b-aebb-88694a658658/element/3e08b78e-e275-4c82-874e-3067da7ba4f4/click 200 1167 ms - 14
2021-07-19 17:46:44:219 [HTTP] 
2021-07-19 17:46:44:227 [HTTP] --> POST /wd/hub/session/2f9e66fb-33fd-487b-aebb-88694a658658/back
2021-07-19 17:46:44:227 [HTTP] {}
2021-07-19 17:46:44:229 [W3C (2f9e66fb)] Driver proxy active, passing request on via HTTP proxy
2021-07-19 17:46:44:230 [WD Proxy] Matched '/wd/hub/session/2f9e66fb-33fd-487b-aebb-88694a658658/back' to command name 'back'
2021-07-19 17:46:44:231 [WD Proxy] Proxying [POST /wd/hub/session/2f9e66fb-33fd-487b-aebb-88694a658658/back] to [POST http://127.0.0.1:8200/wd/hub/session/fe554e8a-e601-48ea-83af-d7059e7e7cbc/back] with body: {}
2021-07-19 17:46:46:256 [WD Proxy] Got response with status 200: {"sessionId":"fe554e8a-e601-48ea-83af-d7059e7e7cbc","value":null}
2021-07-19 17:46:46:257 [WD Proxy] Replacing sessionId fe554e8a-e601-48ea-83af-d7059e7e7cbc with 2f9e66fb-33fd-487b-aebb-88694a658658
2021-07-19 17:46:46:259 [HTTP] <-- POST /wd/hub/session/2f9e66fb-33fd-487b-aebb-88694a658658/back 200 2031 ms - 65
2021-07-19 17:46:46:259 [HTTP] 
2021-07-19 17:46:46:268 [HTTP] --> POST /wd/hub/session/2f9e66fb-33fd-487b-aebb-88694a658658/elements
2021-07-19 17:46:46:268 [HTTP] {"using":"-android uiautomator","value":"new UiSelector().enabled(true)"}
2021-07-19 17:46:46:270 [W3C (2f9e66fb)] Calling AppiumDriver.findElements() with args: ["-android uiautomator","new UiSelector().enabled(true)","2f9e66fb-33fd-487b-aebb-88694a658658"]
2021-07-19 17:46:46:271 [BaseDriver] Valid locator strategies for this request: xpath, id, class name, accessibility id, css selector, -android uiautomator
2021-07-19 17:46:46:272 [BaseDriver] Waiting up to 10000 ms for condition
2021-07-19 17:46:46:273 [WD Proxy] Matched '/elements' to command name 'findElements'
2021-07-19 17:46:46:274 [WD Proxy] Proxying [POST /elements] to [POST http://127.0.0.1:8200/wd/hub/session/fe554e8a-e601-48ea-83af-d7059e7e7cbc/elements] with body: {"strategy":"-android uiautomator","selector":"new UiSelector().enabled(true)","context":"","multiple":true}
2021-07-19 17:46:47:344 [WD Proxy] Got response with status 200: {"sessionId":"fe554e8a-e601-48ea-83af-d7059e7e7cbc","value":[{"ELEMENT":"3f252709-ef8c-478c-a883-3d011980e686","element-6066-11e4-a52e-4f735466cecf":"3f252709-ef8c-478c-a883-3d011980e686"},{"ELEMENT":"407532e8-7072-47af-ab2a-f46d7f2c1769","element-6066-11e4-a52e-4f735466cecf":"407532e8-7072-47af-ab2a-f46d7f2c1769"},{"ELEMENT":"de071b67-8b4d-4b27-aa77-b5e9d2ed8fa4","element-6066-11e4-a52e-4f735466cecf":"de071b67-8b4d-4b27-aa77-b5e9d2ed8fa4"},{"ELEMENT":"5e202aff-33df-4776-9c15-96d526b9e8ec","element-6066-11e4-a52e-4f735466cecf":"5e202aff-33df-4776-9c15-96d526b9e8ec"},{"ELEMENT":"41cf3119-5149-4536-920f-decea0f2cd21","element-6066-11e4-a52e-4f735466cecf":"41cf3119-5149-4536-920f-decea0f2cd21"},{"ELEMENT":"fc61c54e-ccbd-4b2f-add9-0d8677c027cd","element-6066-11e4-a52e-4f735466cecf":"fc61c54e-ccbd-4b2f-add9-0d8677c027cd"},{"ELEMENT":"7584c14d-6750-46fb-a4fd-78eed08ed39d","element-6066-11e4-a52e-4f735466cecf":"7584c14d-6750-46fb-a4fd-78eed08ed39d"},{"ELEMENT":"1337202c-c05b-4318-a3b6-842f89d74294","element-6066-...
2021-07-19 17:46:47:345 [W3C (2f9e66fb)] Responding to client with driver.findElements() result: [{"element-6066-11e4-a52e-4f735466cecf":"3f252709-ef8c-478c-a883-3d011980e686","ELEMENT":"3f252709-ef8c-478c-a883-3d011980e686"},{"element-6066-11e4-a52e-4f735466cecf":"407532e8-7072-47af-ab2a-f46d7f2c1769","ELEMENT":"407532e8-7072-47af-ab2a-f46d7f2c1769"},{"element-6066-11e4-a52e-4f735466cecf":"de071b67-8b4d-4b27-aa77-b5e9d2ed8fa4","ELEMENT":"de071b67-8b4d-4b27-aa77-b5e9d2ed8fa4"},{"element-6066-11e4-a52e-4f735466cecf":"5e202aff-33df-4776-9c15-96d526b9e8ec","ELEMENT":"5e202aff-33df-4776-9c15-96d526b9e8ec"},{"element-6066-11e4-a52e-4f735466cecf":"41cf3119-5149-4536-920f-decea0f2cd21","ELEMENT":"41cf3119-5149-4536-920f-decea0f2cd21"},{"element-6066-11e4-a52e-4f735466cecf":"fc61c54e-ccbd-4b2f-add9-0d8677c027cd","ELEMENT":"fc61c54e-ccbd-4b2f-add9-0d8677c027cd"},{"element-6066-11e4-a52e-4f735466cecf":"7584c14d-6750-46fb-a4fd-78eed08ed39d","ELEMENT":"7584c14d-6750-46fb-a4fd-78eed08ed39d"},{"element-6066-11e4-a52e-4f735466cecf":"1337202c-c05b-4318-a3b6-842f89d74294","ELEMENT":"1337202c-c05b-4318-a3b6-842f89d7429...
2021-07-19 17:46:47:346 [HTTP] <-- POST /wd/hub/session/2f9e66fb-33fd-487b-aebb-88694a658658/elements 200 1078 ms - 2059
2021-07-19 17:46:47:347 [HTTP] 
2021-07-19 17:46:49:447 [Appium] Received SIGTERM - shutting down
2021-07-19 17:46:49:459 [Appium] Cleaning up 1 active session
2021-07-19 17:46:49:461 [Appium] Closing session, cause was 'The process has received SIGTERM signal'
2021-07-19 17:46:49:465 [Appium] Removing session '2f9e66fb-33fd-487b-aebb-88694a658658' from our master session list
2021-07-19 17:46:49:467 [UiAutomator2] Deleting UiAutomator2 session
2021-07-19 17:46:49:477 uncaughtException: write EPIPE
Error: write EPIPE
    at afterWriteDispatched (internal/stream_base_commons.js:156:25)
    at writeGeneric (internal/stream_base_commons.js:147:3)
    at Socket._writeGeneric (net.js:785:11)
    at Socket._write (net.js:797:8)
    at writeOrBuffer (internal/streams/writable.js:358:12)
    at Socket.Writable.write (internal/streams/writable.js:303:10)
    at Console.log (/usr/local/lib/node_modules/appium/node_modules/winston/lib/winston/transports/console.js:79:23)
    at Console._write (/usr/local/lib/node_modules/appium/node_modules/winston-transport/index.js:103:17)
    at doWrite (/usr/local/lib/node_modules/appium/node_modules/winston-transport/node_modules/readable-stream/lib/_stream_writable.js:428:64)
    at writeOrBuffer (/usr/local/lib/node_modules/appium/node_modules/winston-transport/node_modules/readable-stream/lib/_stream_writable.js:417:5)
    at Console.Writable.write (/usr/local/lib/node_modules/appium/node_modules/winston-transport/node_modules/readable-stream/lib/_stream_writable.js:334:11)
    at DerivedLogger.ondata (/usr/local/lib/node_modules/appium/node_modules/readable-stream/lib/_stream_readable.js:681:20)
    at DerivedLogger.emit (events.js:388:22)
    at addChunk (/usr/local/lib/node_modules/appium/node_modules/readable-stream/lib/_stream_readable.js:298:12)
    at readableAddChunk (/usr/local/lib/node_modules/appium/node_modules/readable-stream/lib/_stream_readable.js:280:11)
    at DerivedLogger.Readable.push (/usr/local/lib/node_modules/appium/node_modules/readable-stream/lib/_stream_readable.js:241:10)
2021-07-19 17:46:49:479 uncaughtException: write EPIPE
Error: write EPIPE
    at afterWriteDispatched (internal/stream_base_commons.js:156:25)
    at writeGeneric (internal/stream_base_commons.js:147:3)
    at Socket._writeGeneric (net.js:785:11)
    at Socket._write (net.js:797:8)
    at writeOrBuffer (internal/streams/writable.js:358:12)
    at Socket.Writable.write (internal/streams/writable.js:303:10)
    at Console.log (/usr/local/lib/node_modules/appium/node_modules/winston/lib/winston/transports/console.js:51:25)
    at Console._write (/usr/local/lib/node_modules/appium/node_modules/winston-transport/index.js:103:17)
    at doWrite (/usr/local/lib/node_modules/appium/node_modules/winston-transport/node_modules/readable-stream/lib/_stream_writable.js:428:64)
    at writeOrBuffer (/usr/local/lib/node_modules/appium/node_modules/winston-transport/node_modules/readable-stream/lib/_stream_writable.js:417:5)
    at Console.Writable.write (/usr/local/lib/node_modules/appium/node_modules/winston-transport/node_modules/readable-stream/lib/_stream_writable.js:334:11)
    at DerivedLogger.ondata (/usr/local/lib/node_modules/appium/node_modules/readable-stream/lib/_stream_readable.js:681:20)
    at DerivedLogger.emit (events.js:388:22)
    at addChunk (/usr/local/lib/node_modules/appium/node_modules/readable-stream/lib/_stream_readable.js:298:12)
    at readableAddChunk (/usr/local/lib/node_modules/appium/node_modules/readable-stream/lib/_stream_readable.js:280:11)
    at DerivedLogger.Readable.push (/usr/local/lib/node_modules/appium/node_modules/readable-stream/lib/_stream_readable.js:241:10)
2021-07-19 17:46:49:481 [UiAutomator2] Deleting UiAutomator2 server session
2021-07-19 17:46:49:484 [WD Proxy] Matched '/' to command name 'deleteSession'
2021-07-19 17:46:49:485 [WD Proxy] Proxying [DELETE /] to [DELETE http://127.0.0.1:8200/wd/hub/session/fe554e8a-e601-48ea-83af-d7059e7e7cbc] with no body
